<?xml version="1.0" encoding="UTF-8"?>
<testsuite name="TestSuite" time="22.922" tests="25" errors="0" skipped="23" failures="1">
  <properties>
[...]
</properties>
  <testcase name="init" classname="com.easybix.DDF.Tests.RegistrationTest" time="7.557">
    <failure message="unknown error: cannot get automation extension&#10;from chrome not reachable&#10;  (Session info: chrome=53.0.2785.143)&#10;  (Driver info: chromedriver=2.24.417431 (9aea000394714d2fbb20850021f6204f2256b9cf),platform=Windows NT 6.1.7601 SP1 x86_64) (WARNING: The server did not provide any stacktrace information)&#10;Command duration or timeout: 4.02 seconds&#10;Build info: version: &apos;unknown&apos;, revision: &apos;f233563&apos;, time: &apos;2016-07-28 17:43:42 -0700&apos;&#10;System info: host: &apos;alkesh-asus&apos;, ip: &apos;192.168.0.101&apos;, os.name: &apos;Windows 7&apos;, os.arch: &apos;amd64&apos;, os.version: &apos;6.1&apos;, java.version: &apos;1.8.0_25&apos;&#10;Driver info: org.openqa.selenium.chrome.ChromeDriver&#10;Capabilities [{applicationCacheEnabled=false, rotatable=false, mobileEmulationEnabled=false, networkConnectionEnabled=false, chrome={chromedriverVersion=2.24.417431 (9aea000394714d2fbb20850021f6204f2256b9cf), userDataDir=C:\Users\alkesh\AppData\Local\Temp\scoped_dir6804_16987}, takesHeapSnapshot=true, pageLoadStrategy=normal, databaseEnabled=false, handlesAlerts=true, hasTouchScreen=false, version=53.0.2785.143, platform=XP, browserConnectionEnabled=false, nativeEvents=true, acceptSslCerts=true, locationContextEnabled=true, webStorageEnabled=true, browserName=chrome, takesScreenshot=true, javascriptEnabled=true, cssSelectorsEnabled=true}]&#10;Session ID: 1d2219970bc76dc5101a3b1b87a1c0e6" type="org.openqa.selenium.WebDriverException">org.openqa.selenium.WebDriverException: unknown error: cannot get automation extension
from chrome not reachable
  (Session info: chrome=53.0.2785.143)
  (Driver info: chromedriver=2.24.417431 (9aea000394714d2fbb20850021f6204f2256b9cf),platform=Windows NT 6.1.7601 SP1 x86_64) (WARNING: The server did not provide any stacktrace information)
Command duration or timeout: 4.02 seconds
Build info: version: 'unknown', revision: 'f233563', time: '2016-07-28 17:43:42 -0700'
System info: host: 'alkesh-asus', ip: '192.168.0.101', os.name: 'Windows 7', os.arch: 'amd64', os.version: '6.1', java.version: '1.8.0_25'
Driver info: org.openqa.selenium.chrome.ChromeDriver
Capabilities [{applicationCacheEnabled=false, rotatable=false, mobileEmulationEnabled=false, networkConnectionEnabled=false, chrome={chromedriverVersion=2.24.417431 (9aea000394714d2fbb20850021f6204f2256b9cf), userDataDir=C:\Users\alkesh\AppData\Local\Temp\scoped_dir6804_16987}, takesHeapSnapshot=true, pageLoadStrategy=normal, databaseEnabled=false, handlesAlerts=true, hasTouchScreen=false, version=53.0.2785.143, platform=XP, browserConnectionEnabled=false, nativeEvents=true, acceptSslCerts=true, locationContextEnabled=true, webStorageEnabled=true, browserName=chrome, takesScreenshot=true, javascriptEnabled=true, cssSelectorsEnabled=true}]
Session ID: 1d2219970bc76dc5101a3b1b87a1c0e6
	at sun.reflect.NativeConstructorAccessorImpl.newInstance0(Native Method)
	at sun.reflect.NativeConstructorAccessorImpl.newInstance(NativeConstructorAccessorImpl.java:62)
	at sun.reflect.DelegatingConstructorAccessorImpl.newInstance(DelegatingConstructorAccessorImpl.java:45)
	at java.lang.reflect.Constructor.newInstance(Constructor.java:408)
	at org.openqa.selenium.remote.ErrorHandler.createThrowable(ErrorHandler.java:206)
	at org.openqa.selenium.remote.ErrorHandler.throwIfResponseFailed(ErrorHandler.java:158)
	at org.openqa.selenium.remote.RemoteWebDriver.execute(RemoteWebDriver.java:683)
	at org.openqa.selenium.remote.RemoteWebDriver$RemoteWebDriverOptions$RemoteWindow.maximize(RemoteWebDriver.java:950)
	at com.easybix.DDF.core.TestBase.init(TestBase.java:70)
	at sun.reflect.NativeMethodAccessorImpl.invoke0(Native Method)
	at sun.reflect.NativeMethodAccessorImpl.invoke(NativeMethodAccessorImpl.java:62)
	at sun.reflect.DelegatingMethodAccessorImpl.invoke(DelegatingMethodAccessorImpl.java:43)
	at java.lang.reflect.Method.invoke(Method.java:483)
	at org.testng.internal.MethodInvocationHelper.invokeMethod(MethodInvocationHelper.java:86)
	at org.testng.internal.Invoker.invokeConfigurationMethod(Invoker.java:514)
	at org.testng.internal.Invoker.invokeConfigurations(Invoker.java:215)
	at org.testng.internal.Invoker.invokeMethod(Invoker.java:589)
	at org.testng.internal.Invoker.invokeTestMethod(Invoker.java:820)
	at org.testng.internal.Invoker.invokeTestMethods(Invoker.java:1128)
	at org.testng.internal.TestMethodWorker.invokeTestMethods(TestMethodWorker.java:129)
	at org.testng.internal.TestMethodWorker.run(TestMethodWorker.java:112)
	at org.testng.TestRunner.privateRun(TestRunner.java:782)
	at org.testng.TestRunner.run(TestRunner.java:632)
	at org.testng.SuiteRunner.runTest(SuiteRunner.java:366)
	at org.testng.SuiteRunner.runSequentially(SuiteRunner.java:361)
	at org.testng.SuiteRunner.privateRun(SuiteRunner.java:319)
	at org.testng.SuiteRunner.run(SuiteRunner.java:268)
	at org.testng.SuiteRunnerWorker.runSuite(SuiteRunnerWorker.java:52)
	at org.testng.SuiteRunnerWorker.run(SuiteRunnerWorker.java:86)
	at org.testng.TestNG.runSuitesSequentially(TestNG.java:1244)
	at org.testng.TestNG.runSuitesLocally(TestNG.java:1169)
	at org.testng.TestNG.run(TestNG.java:1064)
	at org.apache.maven.surefire.testng.TestNGExecutor.run(TestNGExecutor.java:295)
	at org.apache.maven.surefire.testng.TestNGXmlTestSuite.execute(TestNGXmlTestSuite.java:84)
	at org.apache.maven.surefire.testng.TestNGProvider.invoke(TestNGProvider.java:90)
	at org.apache.maven.surefire.booter.ForkedBooter.invokeProviderInSameClassLoader(ForkedBooter.java:203)
	at org.apache.maven.surefire.booter.ForkedBooter.runSuitesInProcess(ForkedBooter.java:155)
	at org.apache.maven.surefire.booter.ForkedBooter.main(ForkedBooter.java:103)
</failure>
    <system-out><![CDATA[Anshul
Chauhan
Anshul@mail.com
Chauhan

Vibhor
Sharma
Vibhor@mail.com
Sharma

Rubi
Chauhan
Rubi@nail.com
Chauhan

Michael
Martin
Michael@mail.com
Martin

]]></system-out>
    <system-err><![CDATA[log4j:WARN No appenders could be found for logger (rootLogger).
log4j:WARN Please initialize the log4j system properly.
Starting ChromeDriver 2.24.417431 (9aea000394714d2fbb20850021f6204f2256b9cf) on port 36023
Only local connections are allowed.
]]></system-err>
  </testcase>
  <testcase name="init" classname="com.easybix.DDF.Tests.RegistrationTest" time="0">
    <skipped/>
  </testcase>
  <testcase name="init" classname="com.easybix.DDF.Tests.RegistrationTest" time="0">
    <skipped/>
  </testcase>
  <testcase name="init" classname="com.easybix.DDF.Tests.RegistrationTest" time="0">
    <skipped/>
  </testcase>
  <testcase name="init" classname="com.easybix.DDF.Tests.RegistrationTest" time="0">
    <skipped/>
    <system-out><![CDATA[Anshul
Chauhan
Anshul@mail.com
Chauhan

Vibhor
Sharma
Vibhor@mail.com
Sharma

Rubi
Chauhan
Rubi@nail.com
Chauhan

Michael
Martin
Michael@mail.com
Martin

]]></system-out>
  </testcase>
  <testcase name="init" classname="com.easybix.DDF.Tests.RegistrationTest" time="0">
    <skipped/>
  </testcase>
  <testcase name="init" classname="com.easybix.DDF.Tests.RegistrationTest" time="0">
    <skipped/>
  </testcase>
  <testcase name="init" classname="com.easybix.DDF.Tests.RegistrationTest" time="0">
    <skipped/>
  </testcase>
  <testcase name="doRegistration" classname="com.easybix.DDF.Tests.RegistrationTest" time="0">
    <skipped/>
  </testcase>
  <testcase name="doRegistration" classname="com.easybix.DDF.Tests.RegistrationTest" time="0">
    <skipped/>
  </testcase>
  <testcase name="doRegistration" classname="com.easybix.DDF.Tests.RegistrationTest" time="0">
    <skipped/>
  </testcase>
  <testcase name="doRegistration" classname="com.easybix.DDF.Tests.RegistrationTest" time="0">
    <skipped/>
  </testcase>
  <testcase name="tearDown" classname="com.easybix.DDF.Tests.RegistrationTest" time="0">
    <skipped/>
  </testcase>
  <testcase name="tearDown" classname="com.easybix.DDF.Tests.RegistrationTest" time="0">
    <skipped/>
  </testcase>
  <testcase name="tearDown" classname="com.easybix.DDF.Tests.RegistrationTest" time="0">
    <skipped/>
  </testcase>
  <testcase name="tearDown" classname="com.easybix.DDF.Tests.RegistrationTest" time="0">
    <skipped/>
  </testcase>
  <testcase name="tearDown" classname="com.easybix.DDF.Tests.RegistrationTest" time="0">
    <skipped/>
  </testcase>
  <testcase name="tearDown" classname="com.easybix.DDF.Tests.RegistrationTest" time="0">
    <skipped/>
  </testcase>
  <testcase name="tearDown" classname="com.easybix.DDF.Tests.RegistrationTest" time="0">
    <skipped/>
  </testcase>
  <testcase name="tearDown" classname="com.easybix.DDF.Tests.RegistrationTest" time="0">
    <skipped/>
  </testcase>
  <testcase name="doRegistrationCopy" classname="com.easybix.DDF.Tests.RegistrationTest" time="0">
    <skipped/>
  </testcase>
  <testcase name="doRegistrationCopy" classname="com.easybix.DDF.Tests.RegistrationTest" time="0">
    <skipped/>
  </testcase>
  <testcase name="doRegistrationCopy" classname="com.easybix.DDF.Tests.RegistrationTest" time="0">
    <skipped/>
  </testcase>
  <testcase name="doRegistrationCopy" classname="com.easybix.DDF.Tests.RegistrationTest" time="0">
    <skipped/>
  </testcase>
  <testcase name="doLogin" classname="com.easybix.DDF.Tests.LoginTest" time="15.365"/>
</testsuite>