<html>
<head>
<title>TestNG:  Registration Test</title>
<link href="../testng.css" rel="stylesheet" type="text/css" />
<link href="../my-testng.css" rel="stylesheet" type="text/css" />

<style type="text/css">
.log { display: none;} 
.stack-trace { display: none;} 
</style>
<script type="text/javascript">
<!--
function flip(e) {
  current = e.style.display;
  if (current == 'block') {
    e.style.display = 'none';
    return 0;
  }
  else {
    e.style.display = 'block';
    return 1;
  }
}

function toggleBox(szDivId, elem, msg1, msg2)
{
  var res = -1;  if (document.getElementById) {
    res = flip(document.getElementById(szDivId));
  }
  else if (document.all) {
    // this is the way old msie versions work
    res = flip(document.all[szDivId]);
  }
  if(elem) {
    if(res == 0) elem.innerHTML = msg1; else elem.innerHTML = msg2;
  }

}

function toggleAllBoxes() {
  if (document.getElementsByTagName) {
    d = document.getElementsByTagName('div');
    for (i = 0; i < d.length; i++) {
      if (d[i].className == 'log') {
        flip(d[i]);
      }
    }
  }
}

// -->
</script>

</head>
<body>
<h2 align='center'>Registration Test</h2><table border='1' align="center">
<tr>
<td>Tests passed/Failed/Skipped:</td><td>0/0/8</td>
</tr><tr>
<td>Started on:</td><td>Sun Oct 09 11:33:55 IST 2016</td>
</tr>
<tr><td>Total time:</td><td>7 seconds (7260 ms)</td>
</tr><tr>
<td>Included groups:</td><td></td>
</tr><tr>
<td>Excluded groups:</td><td></td>
</tr>
</table><p/>
<small><i>(Hover the method name to see the test class name)</i></small><p/>
<table width='100%' border='1' class='invocation-failed'>
<tr><td colspan='4' align='center'><b>FAILED CONFIGURATIONS</b></td></tr>
<tr><td><b>Test method</b></td>
<td width="30%"><b>Exception</b></td>
<td width="10%"><b>Time (seconds)</b></td>
<td><b>Instance</b></td>
</tr>
<tr>
<td title='com.easybix.DDF.Tests.RegistrationTest.init()'><b>init</b><br>Test class: com.easybix.DDF.Tests.RegistrationTest</td>
<td><div><pre>org.openqa.selenium.WebDriverException: unknown error: cannot get automation extension
from chrome not reachable
  (Session info: chrome=53.0.2785.143)
  (Driver info: chromedriver=2.24.417431 (9aea000394714d2fbb20850021f6204f2256b9cf),platform=Windows NT 6.1.7601 SP1 x86_64) (WARNING: The server did not provide any stacktrace information)
Command duration or timeout: 4.02 seconds
Build info: version: &apos;unknown&apos;, revision: &apos;f233563&apos;, time: &apos;2016-07-28 17:43:42 -0700&apos;
System info: host: &apos;alkesh-asus&apos;, ip: &apos;192.168.0.101&apos;, os.name: &apos;Windows 7&apos;, os.arch: &apos;amd64&apos;, os.version: &apos;6.1&apos;, java.version: &apos;1.8.0_25&apos;
Driver info: org.openqa.selenium.chrome.ChromeDriver
Capabilities [{applicationCacheEnabled=false, rotatable=false, mobileEmulationEnabled=false, networkConnectionEnabled=false, chrome={chromedriverVersion=2.24.417431 (9aea000394714d2fbb20850021f6204f2256b9cf), userDataDir=C:\Users\alkesh\AppData\Local\Temp\scoped_dir6804_16987}, takesHeapSnapshot=true, pageLoadStrategy=normal, databaseEnabled=false, handlesAlerts=true, hasTouchScreen=false, version=53.0.2785.143, platform=XP, browserConnectionEnabled=false, nativeEvents=true, acceptSslCerts=true, locationContextEnabled=true, webStorageEnabled=true, browserName=chrome, takesScreenshot=true, javascriptEnabled=true, cssSelectorsEnabled=true}]
Session ID: 1d2219970bc76dc5101a3b1b87a1c0e6
	at org.openqa.selenium.remote.ErrorHandler.createThrowable(ErrorHandler.java:206)
	at org.openqa.selenium.remote.ErrorHandler.throwIfResponseFailed(ErrorHandler.java:158)
	at org.openqa.selenium.remote.RemoteWebDriver.execute(RemoteWebDriver.java:683)
	at org.openqa.selenium.remote.RemoteWebDriver$RemoteWebDriverOptions$RemoteWindow.maximize(RemoteWebDriver.java:950)
	at com.easybix.DDF.core.TestBase.init(TestBase.java:70)
... Removed 33 stack frames</pre></div><a href='#' onClick='toggleBox("stack-trace170949260", this, "Click to show all stack frames", "Click to hide stack frames")'>Click to show all stack frames</a>
<div class='stack-trace' id='stack-trace170949260'><pre>org.openqa.selenium.WebDriverException: unknown error: cannot get automation extension
from chrome not reachable
  (Session info: chrome=53.0.2785.143)
  (Driver info: chromedriver=2.24.417431 (9aea000394714d2fbb20850021f6204f2256b9cf),platform=Windows NT 6.1.7601 SP1 x86_64) (WARNING: The server did not provide any stacktrace information)
Command duration or timeout: 4.02 seconds
Build info: version: &apos;unknown&apos;, revision: &apos;f233563&apos;, time: &apos;2016-07-28 17:43:42 -0700&apos;
System info: host: &apos;alkesh-asus&apos;, ip: &apos;192.168.0.101&apos;, os.name: &apos;Windows 7&apos;, os.arch: &apos;amd64&apos;, os.version: &apos;6.1&apos;, java.version: &apos;1.8.0_25&apos;
Driver info: org.openqa.selenium.chrome.ChromeDriver
Capabilities [{applicationCacheEnabled=false, rotatable=false, mobileEmulationEnabled=false, networkConnectionEnabled=false, chrome={chromedriverVersion=2.24.417431 (9aea000394714d2fbb20850021f6204f2256b9cf), userDataDir=C:\Users\alkesh\AppData\Local\Temp\scoped_dir6804_16987}, takesHeapSnapshot=true, pageLoadStrategy=normal, databaseEnabled=false, handlesAlerts=true, hasTouchScreen=false, version=53.0.2785.143, platform=XP, browserConnectionEnabled=false, nativeEvents=true, acceptSslCerts=true, locationContextEnabled=true, webStorageEnabled=true, browserName=chrome, takesScreenshot=true, javascriptEnabled=true, cssSelectorsEnabled=true}]
Session ID: 1d2219970bc76dc5101a3b1b87a1c0e6
	at sun.reflect.NativeConstructorAccessorImpl.newInstance0(Native Method)
	at sun.reflect.NativeConstructorAccessorImpl.newInstance(NativeConstructorAccessorImpl.java:62)
	at sun.reflect.DelegatingConstructorAccessorImpl.newInstance(DelegatingConstructorAccessorImpl.java:45)
	at java.lang.reflect.Constructor.newInstance(Constructor.java:408)
	at org.openqa.selenium.remote.ErrorHandler.createThrowable(ErrorHandler.java:206)
	at org.openqa.selenium.remote.ErrorHandler.throwIfResponseFailed(ErrorHandler.java:158)
	at org.openqa.selenium.remote.RemoteWebDriver.execute(RemoteWebDriver.java:683)
	at org.openqa.selenium.remote.RemoteWebDriver$RemoteWebDriverOptions$RemoteWindow.maximize(RemoteWebDriver.java:950)
	at com.easybix.DDF.core.TestBase.init(TestBase.java:70)
	at sun.reflect.NativeMethodAccessorImpl.invoke0(Native Method)
	at sun.reflect.NativeMethodAccessorImpl.invoke(NativeMethodAccessorImpl.java:62)
	at sun.reflect.DelegatingMethodAccessorImpl.invoke(DelegatingMethodAccessorImpl.java:43)
	at java.lang.reflect.Method.invoke(Method.java:483)
	at org.testng.internal.MethodInvocationHelper.invokeMethod(MethodInvocationHelper.java:86)
	at org.testng.internal.Invoker.invokeConfigurationMethod(Invoker.java:514)
	at org.testng.internal.Invoker.invokeConfigurations(Invoker.java:215)
	at org.testng.internal.Invoker.invokeMethod(Invoker.java:589)
	at org.testng.internal.Invoker.invokeTestMethod(Invoker.java:820)
	at org.testng.internal.Invoker.invokeTestMethods(Invoker.java:1128)
	at org.testng.internal.TestMethodWorker.invokeTestMethods(TestMethodWorker.java:129)
	at org.testng.internal.TestMethodWorker.run(TestMethodWorker.java:112)
	at org.testng.TestRunner.privateRun(TestRunner.java:782)
	at org.testng.TestRunner.run(TestRunner.java:632)
	at org.testng.SuiteRunner.runTest(SuiteRunner.java:366)
	at org.testng.SuiteRunner.runSequentially(SuiteRunner.java:361)
	at org.testng.SuiteRunner.privateRun(SuiteRunner.java:319)
	at org.testng.SuiteRunner.run(SuiteRunner.java:268)
	at org.testng.SuiteRunnerWorker.runSuite(SuiteRunnerWorker.java:52)
	at org.testng.SuiteRunnerWorker.run(SuiteRunnerWorker.java:86)
	at org.testng.TestNG.runSuitesSequentially(TestNG.java:1244)
	at org.testng.TestNG.runSuitesLocally(TestNG.java:1169)
	at org.testng.TestNG.run(TestNG.java:1064)
	at org.apache.maven.surefire.testng.TestNGExecutor.run(TestNGExecutor.java:295)
	at org.apache.maven.surefire.testng.TestNGXmlTestSuite.execute(TestNGXmlTestSuite.java:84)
	at org.apache.maven.surefire.testng.TestNGProvider.invoke(TestNGProvider.java:90)
	at org.apache.maven.surefire.booter.ForkedBooter.invokeProviderInSameClassLoader(ForkedBooter.java:203)
	at org.apache.maven.surefire.booter.ForkedBooter.runSuitesInProcess(ForkedBooter.java:155)
	at org.apache.maven.surefire.booter.ForkedBooter.main(ForkedBooter.java:103)
</pre></div></td>
<td>0</td>
<td>com.easybix.DDF.Tests.RegistrationTest@380fb434</td></tr>
</table><p>
<table width='100%' border='1' class='invocation-skipped'>
<tr><td colspan='4' align='center'><b>SKIPPED CONFIGURATIONS</b></td></tr>
<tr><td><b>Test method</b></td>
<td width="30%"><b>Exception</b></td>
<td width="10%"><b>Time (seconds)</b></td>
<td><b>Instance</b></td>
</tr>
<tr>
<td title='com.easybix.DDF.Tests.RegistrationTest.init()'><b>init</b><br>Test class: com.easybix.DDF.Tests.RegistrationTest</td>
<td></td>
<td>0</td>
<td>com.easybix.DDF.Tests.RegistrationTest@380fb434</td></tr>
<tr>
<td title='com.easybix.DDF.Tests.RegistrationTest.init()'><b>init</b><br>Test class: com.easybix.DDF.Tests.RegistrationTest</td>
<td></td>
<td>0</td>
<td>com.easybix.DDF.Tests.RegistrationTest@380fb434</td></tr>
<tr>
<td title='com.easybix.DDF.Tests.RegistrationTest.init()'><b>init</b><br>Test class: com.easybix.DDF.Tests.RegistrationTest</td>
<td></td>
<td>0</td>
<td>com.easybix.DDF.Tests.RegistrationTest@380fb434</td></tr>
<tr>
<td title='com.easybix.DDF.Tests.RegistrationTest.init()'><b>init</b><br>Test class: com.easybix.DDF.Tests.RegistrationTest</td>
<td></td>
<td>0</td>
<td>com.easybix.DDF.Tests.RegistrationTest@380fb434</td></tr>
<tr>
<td title='com.easybix.DDF.Tests.RegistrationTest.init()'><b>init</b><br>Test class: com.easybix.DDF.Tests.RegistrationTest</td>
<td></td>
<td>0</td>
<td>com.easybix.DDF.Tests.RegistrationTest@380fb434</td></tr>
<tr>
<td title='com.easybix.DDF.Tests.RegistrationTest.init()'><b>init</b><br>Test class: com.easybix.DDF.Tests.RegistrationTest</td>
<td></td>
<td>0</td>
<td>com.easybix.DDF.Tests.RegistrationTest@380fb434</td></tr>
<tr>
<td title='com.easybix.DDF.Tests.RegistrationTest.init()'><b>init</b><br>Test class: com.easybix.DDF.Tests.RegistrationTest</td>
<td></td>
<td>0</td>
<td>com.easybix.DDF.Tests.RegistrationTest@380fb434</td></tr>
<tr>
<td title='com.easybix.DDF.Tests.RegistrationTest.tearDown()'><b>tearDown</b><br>Test class: com.easybix.DDF.Tests.RegistrationTest</td>
<td></td>
<td>0</td>
<td>com.easybix.DDF.Tests.RegistrationTest@380fb434</td></tr>
<tr>
<td title='com.easybix.DDF.Tests.RegistrationTest.tearDown()'><b>tearDown</b><br>Test class: com.easybix.DDF.Tests.RegistrationTest</td>
<td></td>
<td>0</td>
<td>com.easybix.DDF.Tests.RegistrationTest@380fb434</td></tr>
<tr>
<td title='com.easybix.DDF.Tests.RegistrationTest.tearDown()'><b>tearDown</b><br>Test class: com.easybix.DDF.Tests.RegistrationTest</td>
<td></td>
<td>0</td>
<td>com.easybix.DDF.Tests.RegistrationTest@380fb434</td></tr>
<tr>
<td title='com.easybix.DDF.Tests.RegistrationTest.tearDown()'><b>tearDown</b><br>Test class: com.easybix.DDF.Tests.RegistrationTest</td>
<td></td>
<td>0</td>
<td>com.easybix.DDF.Tests.RegistrationTest@380fb434</td></tr>
<tr>
<td title='com.easybix.DDF.Tests.RegistrationTest.tearDown()'><b>tearDown</b><br>Test class: com.easybix.DDF.Tests.RegistrationTest</td>
<td></td>
<td>0</td>
<td>com.easybix.DDF.Tests.RegistrationTest@380fb434</td></tr>
<tr>
<td title='com.easybix.DDF.Tests.RegistrationTest.tearDown()'><b>tearDown</b><br>Test class: com.easybix.DDF.Tests.RegistrationTest</td>
<td></td>
<td>0</td>
<td>com.easybix.DDF.Tests.RegistrationTest@380fb434</td></tr>
<tr>
<td title='com.easybix.DDF.Tests.RegistrationTest.tearDown()'><b>tearDown</b><br>Test class: com.easybix.DDF.Tests.RegistrationTest</td>
<td></td>
<td>0</td>
<td>com.easybix.DDF.Tests.RegistrationTest@380fb434</td></tr>
<tr>
<td title='com.easybix.DDF.Tests.RegistrationTest.tearDown()'><b>tearDown</b><br>Test class: com.easybix.DDF.Tests.RegistrationTest</td>
<td></td>
<td>0</td>
<td>com.easybix.DDF.Tests.RegistrationTest@380fb434</td></tr>
</table><p>
<table width='100%' border='1' class='invocation-skipped'>
<tr><td colspan='4' align='center'><b>SKIPPED TESTS</b></td></tr>
<tr><td><b>Test method</b></td>
<td width="30%"><b>Exception</b></td>
<td width="10%"><b>Time (seconds)</b></td>
<td><b>Instance</b></td>
</tr>
<tr>
<td title='com.easybix.DDF.Tests.RegistrationTest.doRegistration()'><b>doRegistration</b><br>Test class: com.easybix.DDF.Tests.RegistrationTest<br>Parameters: {=, firstname=Anshul, confirmpassword=Chauhan, email=Anshul@mail.com, lastname=Chauhan}</td>
<td></td>
<td>0</td>
<td>com.easybix.DDF.Tests.RegistrationTest@380fb434</td></tr>
<tr>
<td title='com.easybix.DDF.Tests.RegistrationTest.doRegistration()'><b>doRegistration</b><br>Test class: com.easybix.DDF.Tests.RegistrationTest<br>Parameters: {=, firstname=Vibhor, confirmpassword=Sharma, email=Vibhor@mail.com, lastname=Sharma}</td>
<td></td>
<td>0</td>
<td>com.easybix.DDF.Tests.RegistrationTest@380fb434</td></tr>
<tr>
<td title='com.easybix.DDF.Tests.RegistrationTest.doRegistration()'><b>doRegistration</b><br>Test class: com.easybix.DDF.Tests.RegistrationTest<br>Parameters: {=, firstname=Rubi, confirmpassword=Chauhan, email=Rubi@nail.com, lastname=Chauhan}</td>
<td></td>
<td>0</td>
<td>com.easybix.DDF.Tests.RegistrationTest@380fb434</td></tr>
<tr>
<td title='com.easybix.DDF.Tests.RegistrationTest.doRegistration()'><b>doRegistration</b><br>Test class: com.easybix.DDF.Tests.RegistrationTest<br>Parameters: {=, firstname=Michael, confirmpassword=Martin, email=Michael@mail.com, lastname=Martin}</td>
<td></td>
<td>0</td>
<td>com.easybix.DDF.Tests.RegistrationTest@380fb434</td></tr>
<tr>
<td title='com.easybix.DDF.Tests.RegistrationTest.doRegistrationCopy()'><b>doRegistrationCopy</b><br>Test class: com.easybix.DDF.Tests.RegistrationTest<br>Parameters: {=, firstname=Anshul, confirmpassword=Chauhan, email=Anshul@mail.com, lastname=Chauhan}</td>
<td></td>
<td>0</td>
<td>com.easybix.DDF.Tests.RegistrationTest@380fb434</td></tr>
<tr>
<td title='com.easybix.DDF.Tests.RegistrationTest.doRegistrationCopy()'><b>doRegistrationCopy</b><br>Test class: com.easybix.DDF.Tests.RegistrationTest<br>Parameters: {=, firstname=Vibhor, confirmpassword=Sharma, email=Vibhor@mail.com, lastname=Sharma}</td>
<td></td>
<td>0</td>
<td>com.easybix.DDF.Tests.RegistrationTest@380fb434</td></tr>
<tr>
<td title='com.easybix.DDF.Tests.RegistrationTest.doRegistrationCopy()'><b>doRegistrationCopy</b><br>Test class: com.easybix.DDF.Tests.RegistrationTest<br>Parameters: {=, firstname=Rubi, confirmpassword=Chauhan, email=Rubi@nail.com, lastname=Chauhan}</td>
<td></td>
<td>0</td>
<td>com.easybix.DDF.Tests.RegistrationTest@380fb434</td></tr>
<tr>
<td title='com.easybix.DDF.Tests.RegistrationTest.doRegistrationCopy()'><b>doRegistrationCopy</b><br>Test class: com.easybix.DDF.Tests.RegistrationTest<br>Parameters: {=, firstname=Michael, confirmpassword=Martin, email=Michael@mail.com, lastname=Martin}</td>
<td></td>
<td>0</td>
<td>com.easybix.DDF.Tests.RegistrationTest@380fb434</td></tr>
</table><p>
</body>
</html>